2025-09-08 16:00:16 [info]: Brand application created and mail sent successfully to: loganathanvj123@gmail.com
2025-09-08 16:49:15 [info]: Brand application created and mail sent successfully to: loganathanvj123@gmail.com
2025-09-08 16:54:59 [info]: tokenStringBearer eyJhbGciOiJIUzI1NiIsInR5cCI6IkpXVCJ9.eyJhcHAiOiJteS1zZXJ2aWNlIiwiYXBwbGljYXRpb25JZCI6IkJSTkQtMjAyNS0wMDAwMDEiLCJleHAiOjE3NTk5MjIzNTF9.0wOuOc68VY9WGjqhBNNZZEK62aMRSIlRuYpLgFQfSSw
2025-09-08 16:54:59 [info]: Token string prefixeyJhbGciOiJIUzI1NiIsInR5cCI6IkpXVCJ9.eyJhcHAiOiJteS1zZXJ2aWNlIiwiYXBwbGljYXRpb25JZCI6IkJSTkQtMjAyNS0wMDAwMDEiLCJleHAiOjE3NTk5MjIzNTF9.0wOuOc68VY9WGjqhBNNZZEK62aMRSIlRuYpLgFQfSSw
2025-09-08 16:56:43 [info]: tokenStringBearer eyJhbGciOiJIUzI1NiIsInR5cCI6IkpXVCJ9.eyJhcHAiOiJteS1zZXJ2aWNlIiwiYXBwbGljYXRpb25JZCI6IkJSTkQtMjAyNS0wMDAwMDEiLCJleHAiOjE3NTk5MjIzNTF9.0wOuOc68VY9WGjqhBNNZZEK62aMRSIlRuYpLgFQfSSw
2025-09-08 16:56:43 [info]: Token string prefixeyJhbGciOiJIUzI1NiIsInR5cCI6IkpXVCJ9.eyJhcHAiOiJteS1zZXJ2aWNlIiwiYXBwbGljYXRpb25JZCI6IkJSTkQtMjAyNS0wMDAwMDEiLCJleHAiOjE3NTk5MjIzNTF9.0wOuOc68VY9WGjqhBNNZZEK62aMRSIlRuYpLgFQfSSw
2025-09-08 16:57:56 [info]: tokenStringBearer eyJhbGciOiJIUzI1NiIsInR5cCI6IkpXVCJ9.eyJhcHAiOiJteS1zZXJ2aWNlIiwiYXBwbGljYXRpb25JZCI6IkJSTkQtMjAyNS0wMDAwMDEiLCJleHAiOjE3NTk5MjIzNTF9.0wOuOc68VY9WGjqhBNNZZEK62aMRSIlRuYpLgFQfSSw
2025-09-08 16:57:56 [info]: Token string prefixeyJhbGciOiJIUzI1NiIsInR5cCI6IkpXVCJ9.eyJhcHAiOiJteS1zZXJ2aWNlIiwiYXBwbGljYXRpb25JZCI6IkJSTkQtMjAyNS0wMDAwMDEiLCJleHAiOjE3NTk5MjIzNTF9.0wOuOc68VY9WGjqhBNNZZEK62aMRSIlRuYpLgFQfSSw
2025-09-08 16:58:42 [info]: tokenStringBearer eyJhbGciOiJIUzI1NiIsInR5cCI6IkpXVCJ9.eyJhcHAiOiJteS1zZXJ2aWNlIiwiYXBwbGljYXRpb25JZCI6IkJSTkQtMjAyNS0wMDAwMDEiLCJleHAiOjE3NTk5MjIzNTF9.0wOuOc68VY9WGjqhBNNZZEK62aMRSIlRuYpLgFQfSSw
2025-09-08 16:58:42 [info]: Token string prefixeyJhbGciOiJIUzI1NiIsInR5cCI6IkpXVCJ9.eyJhcHAiOiJteS1zZXJ2aWNlIiwiYXBwbGljYXRpb25JZCI6IkJSTkQtMjAyNS0wMDAwMDEiLCJleHAiOjE3NTk5MjIzNTF9.0wOuOc68VY9WGjqhBNNZZEK62aMRSIlRuYpLgFQfSSw
2025-09-08 17:18:05 [info]: Brand application created and mail sent successfully to: loganathanvj123@gmail.com
2025-09-08 17:21:54 [info]: tokenString
2025-09-08 17:21:54 [error]: Missing Token
2025-09-08 17:23:02 [info]: tokenString
2025-09-08 17:23:02 [error]: Missing Token
2025-09-08 17:23:39 [info]: tokenStringeyJhbGciOiJIUzI1NiIsInR5cCI6IkpXVCJ9.eyJhcHAiOiJteS1zZXJ2aWNlIiwiYXBwbGljYXRpb25JZCI6IkJSTkQtMjAyNS0wMDAwMDEiLCJleHAiOjE3NTk5MjQwODF9.UHV6qBFPseIiZXo4S_8fasaWFIx8jusUg7R_F6OPKpM
2025-09-08 17:23:39 [info]: Token string prefixeyJhbGciOiJIUzI1NiIsInR5cCI6IkpXVCJ9.eyJhcHAiOiJteS1zZXJ2aWNlIiwiYXBwbGljYXRpb25JZCI6IkJSTkQtMjAyNS0wMDAwMDEiLCJleHAiOjE3NTk5MjQwODF9.UHV6qBFPseIiZXo4S_8fasaWFIx8jusUg7R_F6OPKpM
2025-09-08 17:26:40 [info]: tokenStringeyJhbGciOiJIUzI1NiIsInR5cCI6IkpXVCJ9.eyJhcHAiOiJteS1zZXJ2aWNlIiwiYXBwbGljYXRpb25JZCI6IkJSTkQtMjAyNS0wMDAwMDEiLCJleHAiOjE3NTk5MjQwODF9.UHV6qBFPseIiZXo4S_8fasaWFIx8jusUg7R_F6OPKpM
2025-09-08 17:26:40 [info]: Token string prefixeyJhbGciOiJIUzI1NiIsInR5cCI6IkpXVCJ9.eyJhcHAiOiJteS1zZXJ2aWNlIiwiYXBwbGljYXRpb25JZCI6IkJSTkQtMjAyNS0wMDAwMDEiLCJleHAiOjE3NTk5MjQwODF9.UHV6qBFPseIiZXo4S_8fasaWFIx8jusUg7R_F6OPKpM
2025-09-08 17:26:40 [info]: tokenStringeyJhbGciOiJIUzI1NiIsInR5cCI6IkpXVCJ9.eyJhcHAiOiJteS1zZXJ2aWNlIiwiYXBwbGljYXRpb25JZCI6IkJSTkQtMjAyNS0wMDAwMDEiLCJleHAiOjE3NTk5MjQwODF9.UHV6qBFPseIiZXo4S_8fasaWFIx8jusUg7R_F6OPKpM
2025-09-08 17:26:40 [info]: Token string prefixeyJhbGciOiJIUzI1NiIsInR5cCI6IkpXVCJ9.eyJhcHAiOiJteS1zZXJ2aWNlIiwiYXBwbGljYXRpb25JZCI6IkJSTkQtMjAyNS0wMDAwMDEiLCJleHAiOjE3NTk5MjQwODF9.UHV6qBFPseIiZXo4S_8fasaWFIx8jusUg7R_F6OPKpM
2025-09-08 17:26:40 [info]: ✅ Brand data fetched successfully for ApplicationId: BRND-2025-000001
2025-09-08 17:26:40 [info]: tokenStringeyJhbGciOiJIUzI1NiIsInR5cCI6IkpXVCJ9.eyJhcHAiOiJteS1zZXJ2aWNlIiwiYXBwbGljYXRpb25JZCI6IkJSTkQtMjAyNS0wMDAwMDEiLCJleHAiOjE3NTk5MjQwODF9.UHV6qBFPseIiZXo4S_8fasaWFIx8jusUg7R_F6OPKpM
2025-09-08 17:26:40 [info]: Token string prefixeyJhbGciOiJIUzI1NiIsInR5cCI6IkpXVCJ9.eyJhcHAiOiJteS1zZXJ2aWNlIiwiYXBwbGljYXRpb25JZCI6IkJSTkQtMjAyNS0wMDAwMDEiLCJleHAiOjE3NTk5MjQwODF9.UHV6qBFPseIiZXo4S_8fasaWFIx8jusUg7R_F6OPKpM
2025-09-08 17:26:40 [info]: ✅ Brand data fetched successfully for ApplicationId: BRND-2025-000001
2025-09-08 17:37:59 [info]: tokenStringeyJhbGciOiJIUzI1NiIsInR5cCI6IkpXVCJ9.eyJhcHAiOiJteS1zZXJ2aWNlIiwiYXBwbGljYXRpb25JZCI6IkJSTkQtMjAyNS0wMDAwMDEiLCJleHAiOjE3NTk5MjQwODF9.UHV6qBFPseIiZXo4S_8fasaWFIx8jusUg7R_F6OPKpM
2025-09-08 17:37:59 [info]: Token string prefixeyJhbGciOiJIUzI1NiIsInR5cCI6IkpXVCJ9.eyJhcHAiOiJteS1zZXJ2aWNlIiwiYXBwbGljYXRpb25JZCI6IkJSTkQtMjAyNS0wMDAwMDEiLCJleHAiOjE3NTk5MjQwODF9.UHV6qBFPseIiZXo4S_8fasaWFIx8jusUg7R_F6OPKpM
2025-09-08 17:38:00 [info]: tokenStringeyJhbGciOiJIUzI1NiIsInR5cCI6IkpXVCJ9.eyJhcHAiOiJteS1zZXJ2aWNlIiwiYXBwbGljYXRpb25JZCI6IkJSTkQtMjAyNS0wMDAwMDEiLCJleHAiOjE3NTk5MjQwODF9.UHV6qBFPseIiZXo4S_8fasaWFIx8jusUg7R_F6OPKpM
2025-09-08 17:38:00 [info]: Token string prefixeyJhbGciOiJIUzI1NiIsInR5cCI6IkpXVCJ9.eyJhcHAiOiJteS1zZXJ2aWNlIiwiYXBwbGljYXRpb25JZCI6IkJSTkQtMjAyNS0wMDAwMDEiLCJleHAiOjE3NTk5MjQwODF9.UHV6qBFPseIiZXo4S_8fasaWFIx8jusUg7R_F6OPKpM
2025-09-08 17:38:00 [info]: ✅ Brand data fetched successfully for ApplicationId: BRND-2025-000001
2025-09-08 17:38:00 [info]: tokenStringeyJhbGciOiJIUzI1NiIsInR5cCI6IkpXVCJ9.eyJhcHAiOiJteS1zZXJ2aWNlIiwiYXBwbGljYXRpb25JZCI6IkJSTkQtMjAyNS0wMDAwMDEiLCJleHAiOjE3NTk5MjQwODF9.UHV6qBFPseIiZXo4S_8fasaWFIx8jusUg7R_F6OPKpM
2025-09-08 17:38:00 [info]: Token string prefixeyJhbGciOiJIUzI1NiIsInR5cCI6IkpXVCJ9.eyJhcHAiOiJteS1zZXJ2aWNlIiwiYXBwbGljYXRpb25JZCI6IkJSTkQtMjAyNS0wMDAwMDEiLCJleHAiOjE3NTk5MjQwODF9.UHV6qBFPseIiZXo4S_8fasaWFIx8jusUg7R_F6OPKpM
2025-09-08 17:38:00 [info]: ✅ Brand data fetched successfully for ApplicationId: BRND-2025-000001
2025-09-08 17:38:39 [info]: tokenStringeyJhbGciOiJIUzI1NiIsInR5cCI6IkpXVCJ9.eyJhcHAiOiJteS1zZXJ2aWNlIiwiYXBwbGljYXRpb25JZCI6IkJSTkQtMjAyNS0wMDAwMDEiLCJleHAiOjE3NTk5MjQwODF9.UHV6qBFPseIiZXo4S_8fasaWFIx8jusUg7R_F6OPKpM
2025-09-08 17:38:39 [info]: Token string prefixeyJhbGciOiJIUzI1NiIsInR5cCI6IkpXVCJ9.eyJhcHAiOiJteS1zZXJ2aWNlIiwiYXBwbGljYXRpb25JZCI6IkJSTkQtMjAyNS0wMDAwMDEiLCJleHAiOjE3NTk5MjQwODF9.UHV6qBFPseIiZXo4S_8fasaWFIx8jusUg7R_F6OPKpM
2025-09-08 17:38:39 [info]: tokenStringeyJhbGciOiJIUzI1NiIsInR5cCI6IkpXVCJ9.eyJhcHAiOiJteS1zZXJ2aWNlIiwiYXBwbGljYXRpb25JZCI6IkJSTkQtMjAyNS0wMDAwMDEiLCJleHAiOjE3NTk5MjQwODF9.UHV6qBFPseIiZXo4S_8fasaWFIx8jusUg7R_F6OPKpM
2025-09-08 17:38:39 [info]: Token string prefixeyJhbGciOiJIUzI1NiIsInR5cCI6IkpXVCJ9.eyJhcHAiOiJteS1zZXJ2aWNlIiwiYXBwbGljYXRpb25JZCI6IkJSTkQtMjAyNS0wMDAwMDEiLCJleHAiOjE3NTk5MjQwODF9.UHV6qBFPseIiZXo4S_8fasaWFIx8jusUg7R_F6OPKpM
2025-09-08 17:38:39 [info]: ✅ Brand data fetched successfully for ApplicationId: BRND-2025-000001
2025-09-08 17:38:40 [info]: tokenStringeyJhbGciOiJIUzI1NiIsInR5cCI6IkpXVCJ9.eyJhcHAiOiJteS1zZXJ2aWNlIiwiYXBwbGljYXRpb25JZCI6IkJSTkQtMjAyNS0wMDAwMDEiLCJleHAiOjE3NTk5MjQwODF9.UHV6qBFPseIiZXo4S_8fasaWFIx8jusUg7R_F6OPKpM
2025-09-08 17:38:40 [info]: Token string prefixeyJhbGciOiJIUzI1NiIsInR5cCI6IkpXVCJ9.eyJhcHAiOiJteS1zZXJ2aWNlIiwiYXBwbGljYXRpb25JZCI6IkJSTkQtMjAyNS0wMDAwMDEiLCJleHAiOjE3NTk5MjQwODF9.UHV6qBFPseIiZXo4S_8fasaWFIx8jusUg7R_F6OPKpM
2025-09-08 17:38:40 [info]: ✅ Brand data fetched successfully for ApplicationId: BRND-2025-000001
2025-09-08 17:38:41 [info]: tokenStringeyJhbGciOiJIUzI1NiIsInR5cCI6IkpXVCJ9.eyJhcHAiOiJteS1zZXJ2aWNlIiwiYXBwbGljYXRpb25JZCI6IkJSTkQtMjAyNS0wMDAwMDEiLCJleHAiOjE3NTk5MjQwODF9.UHV6qBFPseIiZXo4S_8fasaWFIx8jusUg7R_F6OPKpM
2025-09-08 17:38:41 [info]: Token string prefixeyJhbGciOiJIUzI1NiIsInR5cCI6IkpXVCJ9.eyJhcHAiOiJteS1zZXJ2aWNlIiwiYXBwbGljYXRpb25JZCI6IkJSTkQtMjAyNS0wMDAwMDEiLCJleHAiOjE3NTk5MjQwODF9.UHV6qBFPseIiZXo4S_8fasaWFIx8jusUg7R_F6OPKpM
2025-09-08 17:38:41 [info]: tokenStringeyJhbGciOiJIUzI1NiIsInR5cCI6IkpXVCJ9.eyJhcHAiOiJteS1zZXJ2aWNlIiwiYXBwbGljYXRpb25JZCI6IkJSTkQtMjAyNS0wMDAwMDEiLCJleHAiOjE3NTk5MjQwODF9.UHV6qBFPseIiZXo4S_8fasaWFIx8jusUg7R_F6OPKpM
2025-09-08 17:38:41 [info]: Token string prefixeyJhbGciOiJIUzI1NiIsInR5cCI6IkpXVCJ9.eyJhcHAiOiJteS1zZXJ2aWNlIiwiYXBwbGljYXRpb25JZCI6IkJSTkQtMjAyNS0wMDAwMDEiLCJleHAiOjE3NTk5MjQwODF9.UHV6qBFPseIiZXo4S_8fasaWFIx8jusUg7R_F6OPKpM
2025-09-08 17:47:41 [info]: tokenStringeyJhbGciOiJIUzI1NiIsInR5cCI6IkpXVCJ9.eyJhcHAiOiJteS1zZXJ2aWNlIiwiYXBwbGljYXRpb25JZCI6IkJSTkQtMjAyNS0wMDAwMDEiLCJleHAiOjE3NTk5MjQwODF9.UHV6qBFPseIiZXo4S_8fasaWFIx8jusUg7R_F6OPKpM
2025-09-08 17:47:41 [info]: Token string prefixeyJhbGciOiJIUzI1NiIsInR5cCI6IkpXVCJ9.eyJhcHAiOiJteS1zZXJ2aWNlIiwiYXBwbGljYXRpb25JZCI6IkJSTkQtMjAyNS0wMDAwMDEiLCJleHAiOjE3NTk5MjQwODF9.UHV6qBFPseIiZXo4S_8fasaWFIx8jusUg7R_F6OPKpM
2025-09-08 17:47:42 [info]: tokenStringeyJhbGciOiJIUzI1NiIsInR5cCI6IkpXVCJ9.eyJhcHAiOiJteS1zZXJ2aWNlIiwiYXBwbGljYXRpb25JZCI6IkJSTkQtMjAyNS0wMDAwMDEiLCJleHAiOjE3NTk5MjQwODF9.UHV6qBFPseIiZXo4S_8fasaWFIx8jusUg7R_F6OPKpM
2025-09-08 17:47:42 [info]: Token string prefixeyJhbGciOiJIUzI1NiIsInR5cCI6IkpXVCJ9.eyJhcHAiOiJteS1zZXJ2aWNlIiwiYXBwbGljYXRpb25JZCI6IkJSTkQtMjAyNS0wMDAwMDEiLCJleHAiOjE3NTk5MjQwODF9.UHV6qBFPseIiZXo4S_8fasaWFIx8jusUg7R_F6OPKpM
2025-09-08 17:47:42 [info]: ✅ Brand data fetched successfully for ApplicationId: BRND-2025-000001
2025-09-08 17:47:42 [info]: tokenStringeyJhbGciOiJIUzI1NiIsInR5cCI6IkpXVCJ9.eyJhcHAiOiJteS1zZXJ2aWNlIiwiYXBwbGljYXRpb25JZCI6IkJSTkQtMjAyNS0wMDAwMDEiLCJleHAiOjE3NTk5MjQwODF9.UHV6qBFPseIiZXo4S_8fasaWFIx8jusUg7R_F6OPKpM
2025-09-08 17:47:42 [info]: Token string prefixeyJhbGciOiJIUzI1NiIsInR5cCI6IkpXVCJ9.eyJhcHAiOiJteS1zZXJ2aWNlIiwiYXBwbGljYXRpb25JZCI6IkJSTkQtMjAyNS0wMDAwMDEiLCJleHAiOjE3NTk5MjQwODF9.UHV6qBFPseIiZXo4S_8fasaWFIx8jusUg7R_F6OPKpM
2025-09-08 17:47:42 [info]: ✅ Brand data fetched successfully for ApplicationId: BRND-2025-000001
2025-09-08 17:47:46 [info]: tokenStringeyJhbGciOiJIUzI1NiIsInR5cCI6IkpXVCJ9.eyJhcHAiOiJteS1zZXJ2aWNlIiwiYXBwbGljYXRpb25JZCI6IkJSTkQtMjAyNS0wMDAwMDEiLCJleHAiOjE3NTk5MjQwODF9.UHV6qBFPseIiZXo4S_8fasaWFIx8jusUg7R_F6OPKpM
2025-09-08 17:47:46 [info]: Token string prefixeyJhbGciOiJIUzI1NiIsInR5cCI6IkpXVCJ9.eyJhcHAiOiJteS1zZXJ2aWNlIiwiYXBwbGljYXRpb25JZCI6IkJSTkQtMjAyNS0wMDAwMDEiLCJleHAiOjE3NTk5MjQwODF9.UHV6qBFPseIiZXo4S_8fasaWFIx8jusUg7R_F6OPKpM
2025-09-08 17:47:46 [info]: tokenStringeyJhbGciOiJIUzI1NiIsInR5cCI6IkpXVCJ9.eyJhcHAiOiJteS1zZXJ2aWNlIiwiYXBwbGljYXRpb25JZCI6IkJSTkQtMjAyNS0wMDAwMDEiLCJleHAiOjE3NTk5MjQwODF9.UHV6qBFPseIiZXo4S_8fasaWFIx8jusUg7R_F6OPKpM
2025-09-08 17:47:46 [info]: Token string prefixeyJhbGciOiJIUzI1NiIsInR5cCI6IkpXVCJ9.eyJhcHAiOiJteS1zZXJ2aWNlIiwiYXBwbGljYXRpb25JZCI6IkJSTkQtMjAyNS0wMDAwMDEiLCJleHAiOjE3NTk5MjQwODF9.UHV6qBFPseIiZXo4S_8fasaWFIx8jusUg7R_F6OPKpM
2025-09-08 17:48:41 [info]: tokenStringeyJhbGciOiJIUzI1NiIsInR5cCI6IkpXVCJ9.eyJhcHAiOiJteS1zZXJ2aWNlIiwiYXBwbGljYXRpb25JZCI6IkJSTkQtMjAyNS0wMDAwMDEiLCJleHAiOjE3NTk5MjQwODF9.UHV6qBFPseIiZXo4S_8fasaWFIx8jusUg7R_F6OPKpM
2025-09-08 17:48:41 [info]: Token string prefixeyJhbGciOiJIUzI1NiIsInR5cCI6IkpXVCJ9.eyJhcHAiOiJteS1zZXJ2aWNlIiwiYXBwbGljYXRpb25JZCI6IkJSTkQtMjAyNS0wMDAwMDEiLCJleHAiOjE3NTk5MjQwODF9.UHV6qBFPseIiZXo4S_8fasaWFIx8jusUg7R_F6OPKpM
2025-09-08 17:48:42 [info]: tokenStringeyJhbGciOiJIUzI1NiIsInR5cCI6IkpXVCJ9.eyJhcHAiOiJteS1zZXJ2aWNlIiwiYXBwbGljYXRpb25JZCI6IkJSTkQtMjAyNS0wMDAwMDEiLCJleHAiOjE3NTk5MjQwODF9.UHV6qBFPseIiZXo4S_8fasaWFIx8jusUg7R_F6OPKpM
2025-09-08 17:48:42 [info]: Token string prefixeyJhbGciOiJIUzI1NiIsInR5cCI6IkpXVCJ9.eyJhcHAiOiJteS1zZXJ2aWNlIiwiYXBwbGljYXRpb25JZCI6IkJSTkQtMjAyNS0wMDAwMDEiLCJleHAiOjE3NTk5MjQwODF9.UHV6qBFPseIiZXo4S_8fasaWFIx8jusUg7R_F6OPKpM
2025-09-08 17:48:42 [info]: ✅ Brand data fetched successfully for ApplicationId: BRND-2025-000001
2025-09-08 17:48:42 [info]: tokenStringeyJhbGciOiJIUzI1NiIsInR5cCI6IkpXVCJ9.eyJhcHAiOiJteS1zZXJ2aWNlIiwiYXBwbGljYXRpb25JZCI6IkJSTkQtMjAyNS0wMDAwMDEiLCJleHAiOjE3NTk5MjQwODF9.UHV6qBFPseIiZXo4S_8fasaWFIx8jusUg7R_F6OPKpM
2025-09-08 17:48:42 [info]: Token string prefixeyJhbGciOiJIUzI1NiIsInR5cCI6IkpXVCJ9.eyJhcHAiOiJteS1zZXJ2aWNlIiwiYXBwbGljYXRpb25JZCI6IkJSTkQtMjAyNS0wMDAwMDEiLCJleHAiOjE3NTk5MjQwODF9.UHV6qBFPseIiZXo4S_8fasaWFIx8jusUg7R_F6OPKpM
2025-09-08 17:48:42 [info]: ✅ Brand data fetched successfully for ApplicationId: BRND-2025-000001
2025-09-08 17:48:44 [info]: tokenStringeyJhbGciOiJIUzI1NiIsInR5cCI6IkpXVCJ9.eyJhcHAiOiJteS1zZXJ2aWNlIiwiYXBwbGljYXRpb25JZCI6IkJSTkQtMjAyNS0wMDAwMDEiLCJleHAiOjE3NTk5MjQwODF9.UHV6qBFPseIiZXo4S_8fasaWFIx8jusUg7R_F6OPKpM
2025-09-08 17:48:44 [info]: Token string prefixeyJhbGciOiJIUzI1NiIsInR5cCI6IkpXVCJ9.eyJhcHAiOiJteS1zZXJ2aWNlIiwiYXBwbGljYXRpb25JZCI6IkJSTkQtMjAyNS0wMDAwMDEiLCJleHAiOjE3NTk5MjQwODF9.UHV6qBFPseIiZXo4S_8fasaWFIx8jusUg7R_F6OPKpM
2025-09-08 17:48:44 [info]: tokenStringeyJhbGciOiJIUzI1NiIsInR5cCI6IkpXVCJ9.eyJhcHAiOiJteS1zZXJ2aWNlIiwiYXBwbGljYXRpb25JZCI6IkJSTkQtMjAyNS0wMDAwMDEiLCJleHAiOjE3NTk5MjQwODF9.UHV6qBFPseIiZXo4S_8fasaWFIx8jusUg7R_F6OPKpM
2025-09-08 17:48:44 [info]: Token string prefixeyJhbGciOiJIUzI1NiIsInR5cCI6IkpXVCJ9.eyJhcHAiOiJteS1zZXJ2aWNlIiwiYXBwbGljYXRpb25JZCI6IkJSTkQtMjAyNS0wMDAwMDEiLCJleHAiOjE3NTk5MjQwODF9.UHV6qBFPseIiZXo4S_8fasaWFIx8jusUg7R_F6OPKpM
2025-09-08 17:58:11 [info]: tokenStringeyJhbGciOiJIUzI1NiIsInR5cCI6IkpXVCJ9.eyJhcHAiOiJteS1zZXJ2aWNlIiwiYXBwbGljYXRpb25JZCI6IkJSTkQtMjAyNS0wMDAwMDEiLCJleHAiOjE3NTk5MjQwODF9.UHV6qBFPseIiZXo4S_8fasaWFIx8jusUg7R_F6OPKpM
2025-09-08 17:58:11 [info]: Token string prefixeyJhbGciOiJIUzI1NiIsInR5cCI6IkpXVCJ9.eyJhcHAiOiJteS1zZXJ2aWNlIiwiYXBwbGljYXRpb25JZCI6IkJSTkQtMjAyNS0wMDAwMDEiLCJleHAiOjE3NTk5MjQwODF9.UHV6qBFPseIiZXo4S_8fasaWFIx8jusUg7R_F6OPKpM
2025-09-08 17:58:11 [info]: tokenStringeyJhbGciOiJIUzI1NiIsInR5cCI6IkpXVCJ9.eyJhcHAiOiJteS1zZXJ2aWNlIiwiYXBwbGljYXRpb25JZCI6IkJSTkQtMjAyNS0wMDAwMDEiLCJleHAiOjE3NTk5MjQwODF9.UHV6qBFPseIiZXo4S_8fasaWFIx8jusUg7R_F6OPKpM
2025-09-08 17:58:11 [info]: Token string prefixeyJhbGciOiJIUzI1NiIsInR5cCI6IkpXVCJ9.eyJhcHAiOiJteS1zZXJ2aWNlIiwiYXBwbGljYXRpb25JZCI6IkJSTkQtMjAyNS0wMDAwMDEiLCJleHAiOjE3NTk5MjQwODF9.UHV6qBFPseIiZXo4S_8fasaWFIx8jusUg7R_F6OPKpM
2025-09-08 17:58:11 [info]: ✅ Brand data fetched successfully for ApplicationId: BRND-2025-000001
2025-09-08 17:58:11 [info]: tokenStringeyJhbGciOiJIUzI1NiIsInR5cCI6IkpXVCJ9.eyJhcHAiOiJteS1zZXJ2aWNlIiwiYXBwbGljYXRpb25JZCI6IkJSTkQtMjAyNS0wMDAwMDEiLCJleHAiOjE3NTk5MjQwODF9.UHV6qBFPseIiZXo4S_8fasaWFIx8jusUg7R_F6OPKpM
2025-09-08 17:58:11 [info]: Token string prefixeyJhbGciOiJIUzI1NiIsInR5cCI6IkpXVCJ9.eyJhcHAiOiJteS1zZXJ2aWNlIiwiYXBwbGljYXRpb25JZCI6IkJSTkQtMjAyNS0wMDAwMDEiLCJleHAiOjE3NTk5MjQwODF9.UHV6qBFPseIiZXo4S_8fasaWFIx8jusUg7R_F6OPKpM
2025-09-08 17:58:11 [info]: ✅ Brand data fetched successfully for ApplicationId: BRND-2025-000001
2025-09-08 17:58:15 [info]: tokenStringeyJhbGciOiJIUzI1NiIsInR5cCI6IkpXVCJ9.eyJhcHAiOiJteS1zZXJ2aWNlIiwiYXBwbGljYXRpb25JZCI6IkJSTkQtMjAyNS0wMDAwMDEiLCJleHAiOjE3NTk5MjQwODF9.UHV6qBFPseIiZXo4S_8fasaWFIx8jusUg7R_F6OPKpM
2025-09-08 17:58:15 [info]: Token string prefixeyJhbGciOiJIUzI1NiIsInR5cCI6IkpXVCJ9.eyJhcHAiOiJteS1zZXJ2aWNlIiwiYXBwbGljYXRpb25JZCI6IkJSTkQtMjAyNS0wMDAwMDEiLCJleHAiOjE3NTk5MjQwODF9.UHV6qBFPseIiZXo4S_8fasaWFIx8jusUg7R_F6OPKpM
2025-09-08 17:58:16 [info]: tokenStringeyJhbGciOiJIUzI1NiIsInR5cCI6IkpXVCJ9.eyJhcHAiOiJteS1zZXJ2aWNlIiwiYXBwbGljYXRpb25JZCI6IkJSTkQtMjAyNS0wMDAwMDEiLCJleHAiOjE3NTk5MjQwODF9.UHV6qBFPseIiZXo4S_8fasaWFIx8jusUg7R_F6OPKpM
2025-09-08 17:58:16 [info]: Token string prefixeyJhbGciOiJIUzI1NiIsInR5cCI6IkpXVCJ9.eyJhcHAiOiJteS1zZXJ2aWNlIiwiYXBwbGljYXRpb25JZCI6IkJSTkQtMjAyNS0wMDAwMDEiLCJleHAiOjE3NTk5MjQwODF9.UHV6qBFPseIiZXo4S_8fasaWFIx8jusUg7R_F6OPKpM
2025-09-08 17:58:26 [info]: tokenStringeyJhbGciOiJIUzI1NiIsInR5cCI6IkpXVCJ9.eyJhcHAiOiJteS1zZXJ2aWNlIiwiYXBwbGljYXRpb25JZCI6IkJSTkQtMjAyNS0wMDAwMDEiLCJleHAiOjE3NTk5MjQwODF9.UHV6qBFPseIiZXo4S_8fasaWFIx8jusUg7R_F6OPKpM
2025-09-08 17:58:26 [info]: Token string prefixeyJhbGciOiJIUzI1NiIsInR5cCI6IkpXVCJ9.eyJhcHAiOiJteS1zZXJ2aWNlIiwiYXBwbGljYXRpb25JZCI6IkJSTkQtMjAyNS0wMDAwMDEiLCJleHAiOjE3NTk5MjQwODF9.UHV6qBFPseIiZXo4S_8fasaWFIx8jusUg7R_F6OPKpM
2025-09-08 17:58:26 [info]: tokenStringeyJhbGciOiJIUzI1NiIsInR5cCI6IkpXVCJ9.eyJhcHAiOiJteS1zZXJ2aWNlIiwiYXBwbGljYXRpb25JZCI6IkJSTkQtMjAyNS0wMDAwMDEiLCJleHAiOjE3NTk5MjQwODF9.UHV6qBFPseIiZXo4S_8fasaWFIx8jusUg7R_F6OPKpM
2025-09-08 17:58:26 [info]: Token string prefixeyJhbGciOiJIUzI1NiIsInR5cCI6IkpXVCJ9.eyJhcHAiOiJteS1zZXJ2aWNlIiwiYXBwbGljYXRpb25JZCI6IkJSTkQtMjAyNS0wMDAwMDEiLCJleHAiOjE3NTk5MjQwODF9.UHV6qBFPseIiZXo4S_8fasaWFIx8jusUg7R_F6OPKpM
2025-09-08 17:58:26 [info]: ✅ Brand data fetched successfully for ApplicationId: BRND-2025-000001
